<?xml version="1.0" encoding="UTF-8"?>
<!-- Generated by org.testng.reporters.JUnitXMLReporter -->
<testsuite ignored="1" hostname="TD247E-L053" failures="0" tests="2" name="Default test" time="87.19" errors="0" timestamp="2021-02-27T15:17:31 EET">
  <testcase classname="Tests.SignUpTests" name="SignIn" time="4.661"/>
  <testcase classname="Tests.SignUpTests" name="CheckoutOrder" time="71.763"/>
  <testcase classname="Tests.SignUpTests" name="SignUp" time="0.0">
    <ignored/>
  </testcase> <!-- SignUp -->
</testsuite> <!-- Default test -->
